<?xml version="1.0" encoding="UTF-8"?>
<!-- Generated by org.testng.reporters.JUnitReportReporter -->
<testsuite hostname="LAPTOP-I1M4UJOQ" failures="0" tests="1" name="com.crm.sample.Demo1Test" time="0.013" errors="0" timestamp="2021-12-10T13:00:35 IST" skipped="0">
  <testcase classname="com.crm.sample.Demo1Test" name="DemoTest" time="0.013"/>
  <system-out/>
</testsuite> <!-- com.crm.sample.Demo1Test -->
