<?xml version="1.0" encoding="UTF-8"?>
<!-- Generated by org.testng.reporters.JUnitReportReporter -->
<testsuite hostname="LAPTOP-I1M4UJOQ" failures="0" tests="1" name="com.crm.sample.ReadDataFromcmdTest" time="0.010" errors="0" timestamp="2021-12-10T17:41:20 IST" skipped="0">
  <testcase classname="com.crm.sample.ReadDataFromcmdTest" name="read" time="0.010"/>
  <system-out/>
</testsuite> <!-- com.crm.sample.ReadDataFromcmdTest -->
